<?xml version="1.0" encoding="UTF-8"?>
<!-- Generated by org.testng.reporters.JUnitXMLReporter -->
<testsuite hostname="PAVILION" ignored="0" name="Command line test" tests="1" failures="1" timestamp="02 Sep 2019 07:34:22 GMT" time="128.315" errors="0">
  <testcase name="TravelDetails" time="128.204" classname="jenkinPacakgeTest.JenkinTest">
    <failure type="java.lang.NullPointerException">
      <![CDATA[java.lang.NullPointerException
	at org.openqa.selenium.remote.RemoteWebDriver.findElements(RemoteWebDriver.java:402)
	at org.openqa.selenium.remote.RemoteWebDriver.findElementsByXPath(RemoteWebDriver.java:477)
	at org.openqa.selenium.By$ByXPath.findElements(By.java:356)
	at org.openqa.selenium.remote.RemoteWebDriver.findElements(RemoteWebDriver.java:356)
	at jenkinPacakgeTest.JenkinTest.TravelDetails(JenkinTest.java:139)
... Removed 34 stack frames]]>
    </failure>
  </testcase> <!-- TravelDetails -->
</testsuite> <!-- Command line test -->
