<?xml version="1.0" encoding="UTF-8"?>
<testng-results skipped="0" failed="0" ignored="0" total="1" passed="1">
  <reporter-output>
  </reporter-output>
  <suite name="Suite" duration-ms="135266" started-at="2019-09-01T20:41:57Z" finished-at="2019-09-01T20:44:12Z">
    <groups>
    </groups>
    <test name="Test" duration-ms="135266" started-at="2019-09-01T20:41:57Z" finished-at="2019-09-01T20:44:12Z">
      <class name="jenkinPacakgeTest.JenkinTest">
        <test-method status="PASS" signature="TravelDetails()[pri:0, instance:jenkinPacakgeTest.JenkinTest@4edc67]" name="TravelDetails" duration-ms="135165" started-at="2019-09-02T02:11:57Z" finished-at="2019-09-02T02:14:12Z">
          <reporter-output>
          </reporter-output>
        </test-method> <!-- TravelDetails -->
      </class> <!-- jenkinPacakgeTest.JenkinTest -->
    </test> <!-- Test -->
  </suite> <!-- Suite -->
</testng-results>
